#
# A fatal error has been detected by the Java Runtime Environment:
#
#  SIGSEGV (0xb) at pc=0x000042010fe222a0, pid=630, tid=2059
#
# JRE version: Java(TM) SE Runtime Environment (7.0_51-b13) (build 1.7.0_51-b13)
# Java VM: Java HotSpot(TM) 64-Bit Server VM (24.51-b03 mixed mode bsd-amd64 compressed oops)
# Problematic frame:
# C  0x000042010fe222a0
#
# Core dump written. Default location: /cores/core or core.630
#
# If you would like to submit a bug report, please visit:
#   http://bugreport.sun.com/bugreport/crash.jsp
#

---------------  T H R E A D  ---------------

Current thread (0x00007fb8f2841800):  JavaThread "main" [_thread_in_Java, id=2059, stack(0x000000010fcd7000,0x000000010fdd7000)]

siginfo:si_signo=SIGSEGV: si_errno=0, si_code=1 (SEGV_MAPERR), si_addr=0x000042010fe222a0

Registers:
RAX=0x0000000000000000, RBX=0x000000077af2abc8, RCX=0x00000007d5530ca0, RDX=0x000000010fe18058
RSP=0x000000010fdd52c0, RBP=0x000000010fdd5318, RSI=0x00000000ef5e5d27, RDI=0x00007fb8f2841800
R8 =0x000000010f119c20, R9 =0x0000000000000009, R10=0x000000010fa9deb0, R11=0x0000000000000047
R12=0x0000000000000000, R13=0x000000010fdd52c8, R14=0x000000010fdd5338, R15=0x00007fb8f2841800
RIP=0x000042010fe222a0, EFLAGS=0x0000000000010246, ERR=0x0000000000000014
  TRAPNO=0x000000000000000e

Top of Stack: (sp=0x000000010fdd52c0)
0x000000010fdd52c0:   000000010fe18058 00000007d5511e68
0x000000010fdd52d0:   00000007d5530ca0 000000010fdd52d8
0x000000010fdd52e0:   000000077af2c172 000000010fdd5338
0x000000010fdd52f0:   000000077af2f358 0000000000000000
0x000000010fdd5300:   000000077af2c180 000000010fdd52c8
0x000000010fdd5310:   000000010fdd5328 000000010fdd5388
0x000000010fdd5320:   000000010fe18058 0000000000000000
0x000000010fdd5330:   00000007d5511e68 00000007d5530ca0
0x000000010fdd5340:   00000007d5530ca0 000000010fdd5348
0x000000010fdd5350:   000000077af1f1ee 000000010fdd5398
0x000000010fdd5360:   000000077af20730 0000000000000000
0x000000010fdd5370:   000000077af1f1f8 000000010fdd5328
0x000000010fdd5380:   000000010fdd5398 000000010fdd53f8
0x000000010fdd5390:   000000010fe18233 00000007d5511e68
0x000000010fdd53a0:   00000007d55309d8 00000007d55309f0
0x000000010fdd53b0:   00000007d5530c70 000000010fdd53b8
0x000000010fdd53c0:   000000077afbbe6c 000000010fdd5420
0x000000010fdd53d0:   000000077afbcd10 0000000000000000
0x000000010fdd53e0:   000000077afbbe88 000000010fdd5398
0x000000010fdd53f0:   000000010fdd5408 000000010fdd5470
0x000000010fdd5400:   000000010fe18058 00000007d5511e68
0x000000010fdd5410:   00000007d55309d8 00000007d55309f0
0x000000010fdd5420:   00000007d5530c70 00000007d5530c70
0x000000010fdd5430:   000000010fdd5430 000000077afbb246
0x000000010fdd5440:   000000010fdd54a0 000000077afbcd10
0x000000010fdd5450:   0000000000000000 000000077afbb270
0x000000010fdd5460:   000000010fdd5408 000000010fdd5490
0x000000010fdd5470:   000000010fdd54f0 000000010fe18233
0x000000010fdd5480:   0000000000000000 00000007d5511e80
0x000000010fdd5490:   0000000000000000 00000007d55309d8
0x000000010fdd54a0:   00000007d55309f0 00000007d55309d8
0x000000010fdd54b0:   000000010fdd54b0 000000077afb9504 

Instructions: (pc=0x000042010fe222a0)
0x000042010fe22280:   
[error occurred during error reporting (printing registers, top of stack, instructions near pc), id 0xb]

Register to memory mapping:

RAX=0x0000000000000000 is an unknown value
RBX=0x000000077af2abc8 is an oop
{method} 
 - klass: {other class}
RCX=0x00000007d5530ca0 is an oop
sun.nio.cs.UTF_8$Decoder 
 - klass: 'sun/nio/cs/UTF_8$Decoder'
RDX=0x000000010fe18058 is at code_begin+2520 in an Interpreter codelet
return entry points  [0x000000010fe17680, 0x000000010fe19480]  7680 bytes
RSP=0x000000010fdd52c0 is pointing into the stack for thread: 0x00007fb8f2841800
RBP=0x000000010fdd5318 is pointing into the stack for thread: 0x00007fb8f2841800
RSI=0x00000000ef5e5d27 is an unknown value
RDI=0x00007fb8f2841800 is a thread
R8 =0x000000010f119c20 is an unknown value
R9 =0x0000000000000009 is an unknown value
R10=0x000000010fa9deb0: _ZN19TemplateInterpreter24_return_3_addrs_by_indexE+0 in /Library/Java/JavaVirtualMachines/jdk1.7.0_51.jdk/Contents/Home/jre/lib/server/libjvm.dylib at 0x000000010f283000
R11=0x0000000000000047 is an unknown value
R12=0x0000000000000000 is an unknown value
R13=0x000000010fdd52c8 is pointing into the stack for thread: 0x00007fb8f2841800
R14=0x000000010fdd5338 is pointing into the stack for thread: 0x00007fb8f2841800
R15=0x00007fb8f2841800 is a thread


Stack: [0x000000010fcd7000,0x000000010fdd7000],  sp=0x000000010fdd52c0,  free space=1016k
Native frames: (J=compiled Java code, j=interpreted, Vv=VM code, C=native code)
C  0x000042010fe222a0
j  sun.nio.cs.UTF_8.newDecoder()Ljava/nio/charset/CharsetDecoder;+6
j  sun.nio.cs.StreamDecoder.<init>(Ljava/io/InputStream;Ljava/lang/Object;Ljava/nio/charset/Charset;)V+4
j  sun.nio.cs.StreamDecoder.forInputStreamReader(Ljava/io/InputStream;Ljava/lang/Object;Ljava/lang/String;)Lsun/nio/cs/StreamDecoder;+30
j  java.io.InputStreamReader.<init>(Ljava/io/InputStream;)V+12
j  java.io.FileReader.<init>(Ljava/io/File;)V+9
j  sun.misc.MetaIndex.registerDirectory(Ljava/io/File;)V+27
j  sun.misc.Launcher$ExtClassLoader$1.run()Lsun/misc/Launcher$ExtClassLoader;+19
j  sun.misc.Launcher$ExtClassLoader$1.run()Ljava/lang/Object;+1
v  ~StubRoutines::call_stub
V  [libjvm.dylib+0x2d6bb0]  JavaCalls::call_helper(JavaValue*, methodHandle*, JavaCallArguments*, Thread*)+0x22a
V  [libjvm.dylib+0x2d6980]  JavaCalls::call(JavaValue*, methodHandle, JavaCallArguments*, Thread*)+0x28
V  [libjvm.dylib+0x32a264]  JVM_DoPrivileged+0x411
j  java.security.AccessController.doPrivileged(Ljava/security/PrivilegedExceptionAction;)Ljava/lang/Object;+0
j  sun.misc.Launcher$ExtClassLoader.getExtClassLoader()Lsun/misc/Launcher$ExtClassLoader;+12
j  sun.misc.Launcher.<init>()V+4
j  sun.misc.Launcher.<clinit>()V+15
v  ~StubRoutines::call_stub
V  [libjvm.dylib+0x2d6bb0]  JavaCalls::call_helper(JavaValue*, methodHandle*, JavaCallArguments*, Thread*)+0x22a
V  [libjvm.dylib+0x2d6980]  JavaCalls::call(JavaValue*, methodHandle, JavaCallArguments*, Thread*)+0x28
V  [libjvm.dylib+0x2ac187]  instanceKlass::call_class_initializer_impl(instanceKlassHandle, Thread*)+0x93
V  [libjvm.dylib+0x2ad676]  instanceKlass::initialize_impl(instanceKlassHandle, Thread*)+0x5cc
V  [libjvm.dylib+0x29fb21]  instanceKlass::initialize(Thread*)+0x55
V  [libjvm.dylib+0x39f3cb]  LinkResolver::resolve_static_call(CallInfo&, KlassHandle&, Symbol*, Symbol*, KlassHandle, bool, bool, Thread*)+0xad
V  [libjvm.dylib+0x39f4b1]  LinkResolver::resolve_invokestatic(CallInfo&, constantPoolHandle, int, Thread*)+0x81
V  [libjvm.dylib+0x2d1d42]  InterpreterRuntime::resolve_invoke(JavaThread*, Bytecodes::Code)+0x226
j  java.lang.ClassLoader.initSystemClassLoader()V+22
j  java.lang.ClassLoader.getSystemClassLoader()Ljava/lang/ClassLoader;+0
v  ~StubRoutines::call_stub
V  [libjvm.dylib+0x2d6bb0]  JavaCalls::call_helper(JavaValue*, methodHandle*, JavaCallArguments*, Thread*)+0x22a
V  [libjvm.dylib+0x2d6ce1]  JavaCalls::call_static(JavaValue*, KlassHandle, Symbol*, Symbol*, JavaCallArguments*, Thread*)+0x91
V  [libjvm.dylib+0x2d6de3]  JavaCalls::call_static(JavaValue*, KlassHandle, Symbol*, Symbol*, Thread*)+0x39
V  [libjvm.dylib+0x4c4725]  SystemDictionary::compute_java_system_loader(Thread*)+0x8b
V  [libjvm.dylib+0x4f2b17]  Threads::create_vm(JavaVMInitArgs*, bool*)+0xfaf
V  [libjvm.dylib+0x309a01]  JNI_CreateJavaVM+0x62
C  [java+0x2915]  JavaMain+0x134
C  [libsystem_c.dylib+0x4e8bf]  _pthread_start+0x14f
C  [libsystem_c.dylib+0x51b75]  thread_start+0xd


---------------  P R O C E S S  ---------------

Java Threads: ( => current thread )
  0x00007fb8f3049000 JavaThread "Finalizer" daemon [_thread_blocked, id=15875, stack(0x000000011957c000,0x000000011967c000)]
  0x00007fb8f3046000 JavaThread "Reference Handler" daemon [_thread_blocked, id=15363, stack(0x0000000119479000,0x0000000119579000)]
=>0x00007fb8f2841800 JavaThread "main" [_thread_in_Java, id=2059, stack(0x000000010fcd7000,0x000000010fdd7000)]

Other Threads:
  0x00007fb8f3045800 VMThread [stack: 0x0000000119376000,0x0000000119476000] [id=14851]

VM state:not at safepoint (normal execution)

VM Mutex/Monitor currently owned by a thread: None

Heap
 PSYoungGen      total 38912K, used 675K [0x00000007d5500000, 0x00000007d8000000, 0x0000000800000000)
  eden space 33792K, 2% used [0x00000007d5500000,0x00000007d55a8fc8,0x00000007d7600000)
  from space 5120K, 0% used [0x00000007d7b00000,0x00000007d7b00000,0x00000007d8000000)
  to   space 5120K, 0% used [0x00000007d7600000,0x00000007d7600000,0x00000007d7b00000)
 ParOldGen       total 87040K, used 0K [0x0000000780000000, 0x0000000785500000, 0x00000007d5500000)
  object space 87040K, 0% used [0x0000000780000000,0x0000000780000000,0x0000000785500000)
 PSPermGen       total 21504K, used 1781K [0x000000077ae00000, 0x000000077c300000, 0x0000000780000000)
  object space 21504K, 8% used [0x000000077ae00000,0x000000077afbd630,0x000000077c300000)

Card table byte_map: [0x0000000112ed2000,0x00000001132fc000] byte_map_base: 0x000000010f2fb000

Polling page: 0x000000010f0ee000

Code Cache  [0x000000010fe12000, 0x0000000110082000, 0x0000000112e12000)
 total_blobs=143 nmethods=0 adapters=113 free_code_cache=48785Kb largest_free_block=49956416

Compilation events (0 events):
No events

GC Heap History (0 events):
No events

Deoptimization events (0 events):
No events

Internal exceptions (1 events):
Event: 0.030 Thread 0x00007fb8f2841800 Threw 0x00000007d5510658 at /HUDSON/workspace/7u-2-build-macosx-x86_64/jdk7u51/527/hotspot/src/share/vm/prims/jni.cpp:3991

Events (10 events):
Event: 0.044 loading class 0x000000011812b700
Event: 0.044 loading class 0x000000011812b700 done
Event: 0.044 loading class 0x00000001180e77c0 done
Event: 0.044 loading class 0x00000001180e77e0 done
Event: 0.044 loading class 0x000000011812b3e0
Event: 0.044 loading class 0x000000011812b760
Event: 0.044 loading class 0x000000011812b760 done
Event: 0.044 loading class 0x000000011812b3e0 done
Event: 0.044 loading class 0x000000011812b8f0
Event: 0.044 loading class 0x000000011812b8f0 done


Dynamic libraries:
0x000000000229d000 	/System/Library/Frameworks/Cocoa.framework/Versions/A/Cocoa
0x000000000229d000 	/System/Library/Frameworks/Security.framework/Versions/A/Security
0x000000000229d000 	/System/Library/Frameworks/ApplicationServices.framework/Versions/A/ApplicationServices
0x000000000229d000 	/usr/lib/libz.1.dylib
0x000000000229d000 	/usr/lib/libSystem.B.dylib
0x000000000229d000 	/usr/lib/libobjc.A.dylib
0x000000000229d000 	/System/Library/Frameworks/CoreFoundation.framework/Versions/A/CoreFoundation
0x000000000229d000 	/System/Library/Frameworks/Foundation.framework/Versions/C/Foundation
0x000000000229d000 	/System/Library/Frameworks/AppKit.framework/Versions/C/AppKit
0x000000000229d000 	/System/Library/Frameworks/CoreData.framework/Versions/A/CoreData
0x000000000229d000 	/System/Library/PrivateFrameworks/RemoteViewServices.framework/Versions/A/RemoteViewServices
0x000000000229d000 	/System/Library/Frameworks/AudioToolbox.framework/Versions/A/AudioToolbox
0x000000000229d000 	/System/Library/Frameworks/AudioUnit.framework/Versions/A/AudioUnit
0x000000000229d000 	/System/Library/PrivateFrameworks/DataDetectorsCore.framework/Versions/A/DataDetectorsCore
0x000000000229d000 	/System/Library/PrivateFrameworks/DesktopServicesPriv.framework/Versions/A/DesktopServicesPriv
0x000000000229d000 	/System/Library/Frameworks/Carbon.framework/Versions/A/Frameworks/HIToolbox.framework/Versions/A/HIToolbox
0x000000000229d000 	/System/Library/Frameworks/QuartzCore.framework/Versions/A/QuartzCore
0x000000000229d000 	/System/Library/Frameworks/Carbon.framework/Versions/A/Frameworks/SpeechRecognition.framework/Versions/A/SpeechRecognition
0x000000000229d000 	/usr/lib/libauto.dylib
0x000000000229d000 	/usr/lib/libicucore.A.dylib
0x000000000229d000 	/usr/lib/libxml2.2.dylib
0x000000000229d000 	/System/Library/PrivateFrameworks/CoreUI.framework/Versions/A/CoreUI
0x000000000229d000 	/System/Library/Frameworks/CoreAudio.framework/Versions/A/CoreAudio
0x000000000229d000 	/System/Library/Frameworks/DiskArbitration.framework/Versions/A/DiskArbitration
0x000000000229d000 	/usr/lib/liblangid.dylib
0x000000000229d000 	/System/Library/PrivateFrameworks/MultitouchSupport.framework/Versions/A/MultitouchSupport
0x000000000229d000 	/System/Library/Frameworks/IOKit.framework/Versions/A/IOKit
0x000000000229d000 	/usr/lib/libDiagnosticMessagesClient.dylib
0x000000000229d000 	/System/Library/Frameworks/CoreServices.framework/Versions/A/CoreServices
0x000000000229d000 	/System/Library/PrivateFrameworks/PerformanceAnalysis.framework/Versions/A/PerformanceAnalysis
0x000000000229d000 	/System/Library/PrivateFrameworks/GenerationalStorage.framework/Versions/A/GenerationalStorage
0x000000000229d000 	/System/Library/Frameworks/OpenGL.framework/Versions/A/OpenGL
0x000000000229d000 	/System/Library/Frameworks/CoreServices.framework/Versions/A/Frameworks/CFNetwork.framework/Versions/A/CFNetwork
0x000000000229d000 	/System/Library/Frameworks/SystemConfiguration.framework/Versions/A/SystemConfiguration
0x000000000229d000 	/usr/lib/libCRFSuite.dylib
0x000000000229d000 	/usr/lib/libc++.1.dylib
0x000000000229d000 	/usr/lib/libstdc++.6.dylib
0x000000000229d000 	/usr/lib/libc++abi.dylib
0x000000000229d000 	/usr/lib/system/libcache.dylib
0x000000000229d000 	/usr/lib/system/libcommonCrypto.dylib
0x000000000229d000 	/usr/lib/system/libcompiler_rt.dylib
0x000000000229d000 	/usr/lib/system/libcopyfile.dylib
0x000000000229d000 	/usr/lib/system/libdispatch.dylib
0x000000000229d000 	/usr/lib/system/libdnsinfo.dylib
0x000000000229d000 	/usr/lib/system/libdyld.dylib
0x000000000229d000 	/usr/lib/system/libkeymgr.dylib
0x000000000229d000 	/usr/lib/system/liblaunch.dylib
0x000000000229d000 	/usr/lib/system/libmacho.dylib
0x000000000229d000 	/usr/lib/system/libmathCommon.A.dylib
0x000000000229d000 	/usr/lib/system/libquarantine.dylib
0x000000000229d000 	/usr/lib/system/libremovefile.dylib
0x000000000229d000 	/usr/lib/system/libsystem_blocks.dylib
0x000000000229d000 	/usr/lib/system/libsystem_c.dylib
0x000000000229d000 	/usr/lib/system/libsystem_dnssd.dylib
0x000000000229d000 	/usr/lib/system/libsystem_info.dylib
0x000000000229d000 	/usr/lib/system/libsystem_kernel.dylib
0x000000000229d000 	/usr/lib/system/libsystem_network.dylib
0x000000000229d000 	/usr/lib/system/libsystem_notify.dylib
0x000000000229d000 	/usr/lib/system/libsystem_sandbox.dylib
0x000000000229d000 	/usr/lib/system/libunc.dylib
0x000000000229d000 	/usr/lib/system/libunwind.dylib
0x000000000229d000 	/usr/lib/system/libxpc.dylib
0x000000000229d000 	/usr/lib/libbsm.0.dylib
0x000000000229d000 	/usr/lib/libsqlite3.dylib
0x000000000229d000 	/usr/lib/libOpenScriptingUtil.dylib
0x000000000229d000 	/usr/lib/libpam.2.dylib
0x000000000229d000 	/usr/lib/libxar-nossl.dylib
0x000000000229d000 	/usr/lib/libbz2.1.0.dylib
0x000000000229d000 	/System/Library/Frameworks/CoreServices.framework/Versions/A/Frameworks/CarbonCore.framework/Versions/A/CarbonCore
0x000000000229d000 	/System/Library/Frameworks/CoreServices.framework/Versions/A/Frameworks/Metadata.framework/Versions/A/Metadata
0x000000000229d000 	/System/Library/Frameworks/CoreServices.framework/Versions/A/Frameworks/OSServices.framework/Versions/A/OSServices
0x000000000229d000 	/System/Library/Frameworks/CoreServices.framework/Versions/A/Frameworks/SearchKit.framework/Versions/A/SearchKit
0x000000000229d000 	/System/Library/Frameworks/CoreServices.framework/Versions/A/Frameworks/AE.framework/Versions/A/AE
0x000000000229d000 	/System/Library/Frameworks/CoreServices.framework/Versions/A/Frameworks/LaunchServices.framework/Versions/A/LaunchServices
0x000000000229d000 	/System/Library/Frameworks/CoreServices.framework/Versions/A/Frameworks/DictionaryServices.framework/Versions/A/DictionaryServices
0x000000000229d000 	/System/Library/Frameworks/NetFS.framework/Versions/A/NetFS
0x000000000229d000 	/usr/lib/system/libkxld.dylib
0x000000000229d000 	/System/Library/PrivateFrameworks/NetAuth.framework/Versions/A/NetAuth
0x000000000229d000 	/usr/lib/libcrypto.0.9.8.dylib
0x000000000229d000 	/System/Library/PrivateFrameworks/TrustEvaluationAgent.framework/Versions/A/TrustEvaluationAgent
0x000000000229d000 	/System/Library/Frameworks/OpenDirectory.framework/Versions/A/Frameworks/CFOpenDirectory.framework/Versions/A/CFOpenDirectory
0x000000000229d000 	/usr/lib/libxslt.1.dylib
0x000000000229d000 	/System/Library/PrivateFrameworks/FamilyControls.framework/Versions/A/FamilyControls
0x000000000229d000 	/System/Library/Frameworks/Carbon.framework/Versions/A/Frameworks/Ink.framework/Versions/A/Ink
0x000000000229d000 	/System/Library/Frameworks/ApplicationServices.framework/Versions/A/Frameworks/CoreGraphics.framework/Versions/A/CoreGraphics
0x000000000229d000 	/System/Library/Frameworks/ApplicationServices.framework/Versions/A/Frameworks/ImageIO.framework/Versions/A/ImageIO
0x000000000229d000 	/System/Library/Frameworks/ApplicationServices.framework/Versions/A/Frameworks/CoreText.framework/Versions/A/CoreText
0x000000000229d000 	/System/Library/Frameworks/ApplicationServices.framework/Versions/A/Frameworks/ATS.framework/Versions/A/ATS
0x000000000229d000 	/System/Library/Frameworks/ApplicationServices.framework/Versions/A/Frameworks/ColorSync.framework/Versions/A/ColorSync
0x000000000229d000 	/System/Library/Frameworks/ApplicationServices.framework/Versions/A/Frameworks/HIServices.framework/Versions/A/HIServices
0x000000000229d000 	/System/Library/Frameworks/ApplicationServices.framework/Versions/A/Frameworks/LangAnalysis.framework/Versions/A/LangAnalysis
0x000000000229d000 	/System/Library/Frameworks/ApplicationServices.framework/Versions/A/Frameworks/PrintCore.framework/Versions/A/PrintCore
0x000000000229d000 	/System/Library/Frameworks/ApplicationServices.framework/Versions/A/Frameworks/QD.framework/Versions/A/QD
0x000000000229d000 	/System/Library/Frameworks/ApplicationServices.framework/Versions/A/Frameworks/SpeechSynthesis.framework/Versions/A/SpeechSynthesis
0x000000000229d000 	/System/Library/Frameworks/IOSurface.framework/Versions/A/IOSurface
0x000000000229d000 	/System/Library/Frameworks/Accelerate.framework/Versions/A/Accelerate
0x000000000229d000 	/System/Library/Frameworks/ApplicationServices.framework/Versions/A/Frameworks/ImageIO.framework/Versions/A/Resources/libJPEG.dylib
0x000000000229d000 	/System/Library/Frameworks/ApplicationServices.framework/Versions/A/Frameworks/ImageIO.framework/Versions/A/Resources/libTIFF.dylib
0x000000000229d000 	/System/Library/Frameworks/ApplicationServices.framework/Versions/A/Frameworks/ImageIO.framework/Versions/A/Resources/libPng.dylib
0x000000000229d000 	/System/Library/Frameworks/ApplicationServices.framework/Versions/A/Frameworks/ImageIO.framework/Versions/A/Resources/libGIF.dylib
0x000000000229d000 	/System/Library/Frameworks/ApplicationServices.framework/Versions/A/Frameworks/ImageIO.framework/Versions/A/Resources/libJP2.dylib
0x000000000229d000 	/System/Library/Frameworks/ApplicationServices.framework/Versions/A/Frameworks/ImageIO.framework/Versions/A/Resources/libRadiance.dylib
0x000000000229d000 	/System/Library/Frameworks/Accelerate.framework/Versions/A/Frameworks/vImage.framework/Versions/A/vImage
0x000000000229d000 	/System/Library/Frameworks/Accelerate.framework/Versions/A/Frameworks/vecLib.framework/Versions/A/vecLib
0x000000000229d000 	/System/Library/Frameworks/Accelerate.framework/Versions/A/Frameworks/vecLib.framework/Versions/A/libvDSP.dylib
0x000000000229d000 	/System/Library/Frameworks/Accelerate.framework/Versions/A/Frameworks/vecLib.framework/Versions/A/libvMisc.dylib
0x000000000229d000 	/System/Library/Frameworks/Accelerate.framework/Versions/A/Frameworks/vecLib.framework/Versions/A/libLAPACK.dylib
0x000000000229d000 	/System/Library/Frameworks/Accelerate.framework/Versions/A/Frameworks/vecLib.framework/Versions/A/libBLAS.dylib
0x000000000229d000 	/System/Library/Frameworks/ApplicationServices.framework/Versions/A/Frameworks/ATS.framework/Versions/A/Resources/libFontParser.dylib
0x000000000229d000 	/System/Library/Frameworks/ApplicationServices.framework/Versions/A/Frameworks/ATS.framework/Versions/A/Resources/libFontRegistry.dylib
0x000000000229d000 	/usr/lib/libcups.2.dylib
0x000000000229d000 	/System/Library/Frameworks/Kerberos.framework/Versions/A/Kerberos
0x000000000229d000 	/System/Library/Frameworks/GSS.framework/Versions/A/GSS
0x000000000229d000 	/usr/lib/libresolv.9.dylib
0x000000000229d000 	/usr/lib/libiconv.2.dylib
0x000000000229d000 	/System/Library/PrivateFrameworks/Heimdal.framework/Versions/A/Heimdal
0x000000000229d000 	/System/Library/Frameworks/OpenDirectory.framework/Versions/A/OpenDirectory
0x000000000229d000 	/System/Library/PrivateFrameworks/CommonAuth.framework/Versions/A/CommonAuth
0x000000000229d000 	/System/Library/Frameworks/CoreVideo.framework/Versions/A/CoreVideo
0x000000000229d000 	/System/Library/Frameworks/QuartzCore.framework/Versions/A/Frameworks/CoreImage.framework/Versions/A/CoreImage
0x000000000229d000 	/System/Library/Frameworks/QuartzCore.framework/Versions/A/Frameworks/ScalableUserInterface.framework/Versions/A/ScalableUserInterface
0x000000000229d000 	/System/Library/Frameworks/OpenGL.framework/Versions/A/Libraries/libGLU.dylib
0x000000000229d000 	/System/Library/Frameworks/OpenGL.framework/Versions/A/Libraries/libGFXShared.dylib
0x000000000229d000 	/System/Library/Frameworks/OpenGL.framework/Versions/A/Libraries/libGL.dylib
0x000000000229d000 	/System/Library/Frameworks/OpenGL.framework/Versions/A/Libraries/libGLImage.dylib
0x000000000229d000 	/System/Library/Frameworks/OpenGL.framework/Versions/A/Libraries/libCVMSPluginSupport.dylib
0x000000000229d000 	/System/Library/Frameworks/OpenGL.framework/Versions/A/Libraries/libCoreVMClient.dylib
0x000000000229d000 	/System/Library/Frameworks/OpenCL.framework/Versions/A/OpenCL
0x000000000229d000 	/System/Library/PrivateFrameworks/FaceCoreLight.framework/Versions/A/FaceCoreLight
0x000000000229d000 	/System/Library/Frameworks/vecLib.framework/Versions/A/vecLib
0x000000000229d000 	/System/Library/Frameworks/SecurityFoundation.framework/Versions/A/SecurityFoundation
0x000000000229d000 	/System/Library/PrivateFrameworks/CommerceKit.framework/Versions/A/Frameworks/CommerceCore.framework/Versions/A/CommerceCore
0x000000000229d000 	/System/Library/PrivateFrameworks/CoreSymbolication.framework/Versions/A/CoreSymbolication
0x000000000229d000 	/System/Library/PrivateFrameworks/Symbolication.framework/Versions/A/Symbolication
0x000000000229d000 	/System/Library/PrivateFrameworks/DebugSymbols.framework/Versions/A/DebugSymbols
0x000000010f283000 	/Library/Java/JavaVirtualMachines/jdk1.7.0_51.jdk/Contents/Home/jre/lib/server/libjvm.dylib
0x000000010f0e1000 	/Library/Java/JavaVirtualMachines/jdk1.7.0_51.jdk/Contents/Home/jre/lib/libverify.dylib
0x000000010fdd9000 	/Library/Java/JavaVirtualMachines/jdk1.7.0_51.jdk/Contents/Home/jre/lib/libjava.dylib
0x000000010fe09000 	/Library/Java/JavaVirtualMachines/jdk1.7.0_51.jdk/Contents/Home/jre/lib/libzip.dylib
0x000000011967e000 	/System/Library/Frameworks/JavaVM.framework/Frameworks/JavaRuntimeSupport.framework/JavaRuntimeSupport
0x0000000119696000 	/System/Library/Frameworks/JavaVM.framework/Versions/A/Frameworks/JavaNativeFoundation.framework/Versions/A/JavaNativeFoundation
0x00000001196ab000 	/System/Library/Frameworks/JavaVM.framework/Versions/A/JavaVM
0x000000000229d000 	/System/Library/Frameworks/Carbon.framework/Versions/A/Carbon
0x00000001196b8000 	/System/Library/PrivateFrameworks/JavaLaunching.framework/Versions/A/JavaLaunching
0x000000000229d000 	/System/Library/Frameworks/Carbon.framework/Versions/A/Frameworks/CommonPanels.framework/Versions/A/CommonPanels
0x000000000229d000 	/System/Library/Frameworks/Carbon.framework/Versions/A/Frameworks/Help.framework/Versions/A/Help
0x000000000229d000 	/System/Library/Frameworks/Carbon.framework/Versions/A/Frameworks/ImageCapture.framework/Versions/A/ImageCapture
0x000000000229d000 	/System/Library/Frameworks/Carbon.framework/Versions/A/Frameworks/OpenScripting.framework/Versions/A/OpenScripting
0x000000000229d000 	/System/Library/Frameworks/Carbon.framework/Versions/A/Frameworks/Print.framework/Versions/A/Print
0x000000000229d000 	/System/Library/Frameworks/Carbon.framework/Versions/A/Frameworks/SecurityHI.framework/Versions/A/SecurityHI

VM Arguments:
jvm_args: -Xmx2g -Dclojure.compile.path=null -D.version=null -Dfile.encoding=UTF-8 -Dclojure.debug=false 
java_command: clojure.main -i /private/var/folders/pn/jvq07cv15n5d99l_yzrgw2mm0000gn/T/form-init8147257950895388587.clj
Launcher Type: SUN_STANDARD

Environment Variables:
CLASSPATH=:/Users/tangrammer/.lein/self-installs/leiningen-2.3.4-standalone.jar
PATH=/usr/bin:/bin:/usr/sbin:/sbin:/usr/local/bin:/usr/X11/bin
SHELL=/bin/bash
DISPLAY=/tmp/launch-iqltAO/org.x:0

Signal Handlers:
SIGSEGV: [libjvm.dylib+0x525425], sa_mask[0]=0xfffefeff, sa_flags=0x00000043
SIGBUS: [libjvm.dylib+0x525425], sa_mask[0]=0xfffefeff, sa_flags=0x00000042
SIGFPE: [libjvm.dylib+0x41892a], sa_mask[0]=0xfffefeff, sa_flags=0x00000042
SIGPIPE: [libjvm.dylib+0x41892a], sa_mask[0]=0xfffefeff, sa_flags=0x00000042
SIGXFSZ: [libjvm.dylib+0x41892a], sa_mask[0]=0xfffefeff, sa_flags=0x00000042
SIGILL: [libjvm.dylib+0x41892a], sa_mask[0]=0xfffefeff, sa_flags=0x00000042
SIGUSR1: SIG_DFL, sa_mask[0]=0x63807efb, sa_flags=0x00000000
SIGUSR2: [libjvm.dylib+0x41841c], sa_mask[0]=0x00000004, sa_flags=0x00000042
SIGHUP: [libjvm.dylib+0x4166ab], sa_mask[0]=0xfffefeff, sa_flags=0x00000042
SIGINT: [libjvm.dylib+0x4166ab], sa_mask[0]=0xfffefeff, sa_flags=0x00000042
SIGTERM: [libjvm.dylib+0x4166ab], sa_mask[0]=0xfffefeff, sa_flags=0x00000042
SIGQUIT: SIG_DFL, sa_mask[0]=0xfffefeff, sa_flags=0x00000042


---------------  S Y S T E M  ---------------

OS:Bsduname:Darwin 11.4.2 Darwin Kernel Version 11.4.2: Thu Aug 23 16:25:48 PDT 2012; root:xnu-1699.32.7~1/RELEASE_X86_64 x86_64
rlimit: STACK 8192k, CORE infinity, NPROC 709, NOFILE 10240, AS infinity
load average:1.40 1.44 1.18

CPU:total 4 (2 cores per cpu, 2 threads per core) family 6 model 42 stepping 7, cmov, cx8, fxsr, mmx, sse, sse2, sse3, ssse3, sse4.1, sse4.2, popcnt, avx, aes, ht, tsc, tscinvbit

Memory: 4k page, physical 8388608k(2097152k free)

/proc/meminfo:


vm_info: Java HotSpot(TM) 64-Bit Server VM (24.51-b03) for bsd-amd64 JRE (1.7.0_51-b13), built on Dec 18 2013 18:45:56 by "java_re" with gcc 4.2.1 (Based on Apple Inc. build 5658) (LLVM build 2336.11.00)

time: Thu Feb  6 09:12:03 2014
elapsed time: 0 seconds

