#
# A fatal error has been detected by the Java Runtime Environment:
#
#  SIGSEGV (0xb) at pc=0x0000000100f35311, pid=3197, tid=13315
#
# JRE version: Java(TM) SE Runtime Environment (7.0_51-b13) (build 1.7.0_51-b13)
# Java VM: Java HotSpot(TM) 64-Bit Server VM (24.51-b03 mixed mode bsd-amd64 compressed oops)
# Problematic frame:
# V  [libjvm.dylib+0x235311]  oopDesc::size()+0x2d
#
# Failed to write core dump. Core dumps have been disabled. To enable core dumping, try "ulimit -c unlimited" before starting Java again
#
# If you would like to submit a bug report, please visit:
#   http://bugreport.sun.com/bugreport/crash.jsp
#

---------------  T H R E A D  ---------------

Current thread (0x00007fc83a058000):  GCTaskThread [stack: 0x0000000108208000,0x0000000108308000] [id=13315]

siginfo:si_signo=SIGSEGV: si_errno=0, si_code=1 (SEGV_MAPERR), si_addr=0x0000000003200340

Registers:
RAX=0x00000001014705c0, RBX=0x007400740061006d, RCX=0x0000000000000003, RDX=0x0000000000000001
RSP=0x0000000108307c90, RBP=0x0000000108307c90, RSI=0x00000007efcb12e8, RDI=0x0000000003200328
R8 =0x0000000000000001, R9 =0x0000000000000001, R10=0x0000000003c09201, R11=0x00000007815cad38
R12=0x000000010150ad98, R13=0x00000007815cad1d, R14=0x00007fc839e01dc0, R15=0x00007fc839e01e60
RIP=0x0000000100f35311, EFLAGS=0x0000000000010206, ERR=0x0000000000000004
  TRAPNO=0x000000000000000e

Top of Stack: (sp=0x0000000108307c90)
0x0000000108307c90:   0000000108307d00 00000001011562dd
0x0000000108307ca0:   000000077b4b6798 00000007efcb12e8
0x0000000108307cb0:   00000007815ca5a8 000000077b4b6798
0x0000000108307cc0:   00007fc839e01dc0 0000000000000009
0x0000000108307cd0:   00000007815ca5a8 00000007815cad1d
0x0000000108307ce0:   000000010150ad98 00000007815cad1d
0x0000000108307cf0:   00000007815cad1c 00007fc839e01e60
0x0000000108307d00:   0000000108307d20 0000000101156709
0x0000000108307d10:   00007fc839e01dc0 00007fc839e01e28
0x0000000108307d20:   0000000108307d80 000000010115569e
0x0000000108307d30:   0000000108307d98 010000078150b7ad
0x0000000108307d40:   00000007815cad1d 0000000108307d98
0x0000000108307d50:   0000788d00000ac0 0000000000000001
0x0000000108307d60:   0000000108307da4 0000000108307d98
0x0000000108307d70:   00007fc83a98ece0 00007fc839e01dc0
0x0000000108307d80:   0000000108307dd0 0000000101158daf
0x0000000108307d90:   0000000000000001 000000078150b7ad
0x0000000108307da0:   0a0bc0d608307dd0 00007fc83a058000
0x0000000108307db0:   0000000000000000 0000000101275209
0x0000000108307dc0:   00007fc83a98ece0 0000000000000001
0x0000000108307dd0:   0000000108307eb0 0000000100f69bc7
0x0000000108307de0:   0000000108307e10 0000000100c27040
0x0000000108307df0:   0000000100c27070 0000000100c27080
0x0000000108307e00:   0000000100c27458 00000000000003d8
0x0000000108307e10:   00007fc83a058000 0000000100c27460
0x0000000108307e20:   0000000100c27490 0000000100c274a0
0x0000000108307e30:   0000000100c27878 00000000000003d8
0x0000000108307e40:   0000000108307e50 0000000000000000
0x0000000108307e50:   00007fc83a058000 0000000100c27460
0x0000000108307e60:   0000000100c27490 0000000100c274a0
0x0000000108307e70:   0000000100c27878 00000000000003d8
0x0000000108307e80:   0000000100c27880 00007fc83a058000 

Instructions: (pc=0x0000000100f35311)
0x0000000100f352f1:   84 d2 48 89 fe 74 15 48 8d 05 c1 b2 53 00 8a 48
0x0000000100f35301:   08 8b 7e 08 48 d3 e7 48 03 38 eb 04 48 8b 7e 08
0x0000000100f35311:   8b 47 18 48 83 c7 10 85 c0 7e 09 a8 01 75 4e c1
0x0000000100f35321:   f8 03 eb 47 85 c0 7f 43 85 c0 79 41 84 d2 0f 94 

Register to memory mapping:

RAX=0x00000001014705c0: _ZN8Universe11_narrow_oopE+0 in /Library/Java/JavaVirtualMachines/jdk1.7.0_51.jdk/Contents/Home/jre/lib/server/libjvm.dylib at 0x0000000100d00000
RBX=0x007400740061006d is an unknown value
RCX=0x0000000000000003 is an unknown value
RDX=0x0000000000000001 is an unknown value
RSP=0x0000000108307c90 is an unknown value
RBP=0x0000000108307c90 is an unknown value
RSI=0x00000007efcb12e8 is an unknown value
RDI=0x0000000003200328 is an unknown value
R8 =0x0000000000000001 is an unknown value
R9 =0x0000000000000001 is an unknown value
R10=0x0000000003c09201 is an unknown value
R11=0x00000007815cad38 is an oop
[C 
 - klass: {type array char}
 - length: 57
R12=0x000000010150ad98: _ZN2os16_processor_countE+0 in /Library/Java/JavaVirtualMachines/jdk1.7.0_51.jdk/Contents/Home/jre/lib/server/libjvm.dylib at 0x0000000100d00000
R13=0x00000007815cad1d is pointing into object: 0x00000007815cad00
clojure.lang.Cons 
 - klass: 'clojure/lang/Cons'
R14=0x00007fc839e01dc0 is an unknown value
R15=0x00007fc839e01e60 is an unknown value


Stack: [0x0000000108208000,0x0000000108308000],  sp=0x0000000108307c90,  free space=1023k
Native frames: (J=compiled Java code, j=interpreted, Vv=VM code, C=native code)
V  [libjvm.dylib+0x235311]  oopDesc::size()+0x2d
V  [libjvm.dylib+0x4562dd]  oopDesc* PSPromotionManager::copy_to_survivor_space<false>(oopDesc*)+0x35
V  [libjvm.dylib+0x456709]  PSPromotionManager::process_popped_location_depth(StarTask)+0x73
V  [libjvm.dylib+0x45569e]  PSPromotionManager::drain_stacks_depth(bool)+0x8a
V  [libjvm.dylib+0x458daf]  StealTask::do_it(GCTaskManager*, unsigned int)+0x9f
V  [libjvm.dylib+0x269bc7]  GCTaskThread::run()+0x1a1
V  [libjvm.dylib+0x41b1d6]  _ZL10java_startP6Thread+0x126
C  [libsystem_c.dylib+0x4e8bf]  _pthread_start+0x14f
C  [libsystem_c.dylib+0x51b75]  thread_start+0xd


---------------  P R O C E S S  ---------------

Java Threads: ( => current thread )
  0x00007fc83a924800 JavaThread "nREPL-worker-1" daemon [_thread_blocked, id=27139, stack(0x000000010fc03000,0x000000010fd03000)]
  0x00007fc83bae7000 JavaThread "nREPL-worker-0" daemon [_thread_blocked, id=26627, stack(0x000000010fb00000,0x000000010fc00000)]
  0x00007fc83bb8b800 JavaThread "clojure-agent-send-off-pool-7" [_thread_blocked, id=26115, stack(0x000000010f9fd000,0x000000010fafd000)]
  0x00007fc83bb2e800 JavaThread "clojure-agent-send-off-pool-6" [_thread_blocked, id=25603, stack(0x000000010f8fa000,0x000000010f9fa000)]
  0x00007fc83bb5a800 JavaThread "clojure-agent-send-off-pool-5" [_thread_blocked, id=25091, stack(0x000000010f7f7000,0x000000010f8f7000)]
  0x00007fc83c0d5000 JavaThread "clojure-agent-send-off-pool-4" [_thread_in_native, id=24579, stack(0x000000010f6f4000,0x000000010f7f4000)]
  0x00007fc83a189800 JavaThread "clojure-agent-send-off-pool-3" [_thread_blocked, id=24067, stack(0x000000010f5f1000,0x000000010f6f1000)]
  0x00007fc83a96b000 JavaThread "clojure-agent-send-off-pool-2" [_thread_in_native, id=23555, stack(0x000000010f4ee000,0x000000010f5ee000)]
  0x00007fc83c11a000 JavaThread "clojure-agent-send-off-pool-1" [_thread_blocked, id=23043, stack(0x000000010f3eb000,0x000000010f4eb000)]
  0x00007fc83a2a7800 JavaThread "clojure-agent-send-off-pool-0" [_thread_blocked, id=18695, stack(0x000000010f2e8000,0x000000010f3e8000)]
  0x00007fc83a0a9800 JavaThread "Service Thread" daemon [_thread_blocked, id=22019, stack(0x000000010e7b7000,0x000000010e8b7000)]
  0x00007fc83b80b800 JavaThread "C1 CompilerThread2" daemon [_thread_blocked, id=21507, stack(0x000000010e6b4000,0x000000010e7b4000)]
  0x00007fc83a0a1000 JavaThread "C2 CompilerThread1" daemon [_thread_blocked, id=20995, stack(0x000000010e5b1000,0x000000010e6b1000)]
  0x00007fc83a0a8000 JavaThread "C2 CompilerThread0" daemon [_thread_blocked, id=20483, stack(0x000000010e4ae000,0x000000010e5ae000)]
  0x00007fc83a0a0000 JavaThread "Signal Dispatcher" daemon [_thread_blocked, id=19971, stack(0x000000010e3ab000,0x000000010e4ab000)]
  0x00007fc83a090800 JavaThread "Finalizer" daemon [_thread_blocked, id=15875, stack(0x000000010e0b0000,0x000000010e1b0000)]
  0x00007fc83a08d800 JavaThread "Reference Handler" daemon [_thread_blocked, id=15363, stack(0x000000010dfad000,0x000000010e0ad000)]
  0x00007fc83a041800 JavaThread "main" [_thread_blocked, id=2315, stack(0x0000000101754000,0x0000000101854000)]

Other Threads:
  0x00007fc83a808800 VMThread [stack: 0x000000010deaa000,0x000000010dfaa000] [id=14851]
  0x00007fc83a811800 WatcherThread [stack: 0x000000010e8ba000,0x000000010e9ba000] [id=22531]

=>0x00007fc83a058000 (exited) GCTaskThread [stack: 0x0000000108208000,0x0000000108308000] [id=13315]

VM state:at safepoint (normal execution)

VM Mutex/Monitor currently owned by a thread:  ([mutex/lock_event])
[0x0000000100c1bc90] Threads_lock - owner thread: 0x00007fc83a808800
[0x0000000100c1c190] Heap_lock - owner thread: 0x00007fc83a2a7800

Heap
 PSYoungGen      total 440320K, used 435602K [0x00000007d5500000, 0x0000000800000000, 0x0000000800000000)
  eden space 430080K, 100% used [0x00000007d5500000,0x00000007ef900000,0x00000007ef900000)
  from space 10240K, 53% used [0x00000007ef900000,0x00000007efe648c8,0x00000007f0300000)
  to   space 9728K, 34% used [0x00000007ff680000,0x00000007ff9c8000,0x0000000800000000)
 ParOldGen       total 87040K, used 23464K [0x0000000780000000, 0x0000000785500000, 0x00000007d5500000)
  object space 87040K, 26% used [0x0000000780000000,0x00000007816ea258,0x0000000785500000)
 PSPermGen       total 33792K, used 33728K [0x000000077ae00000, 0x000000077cf00000, 0x0000000780000000)
  object space 33792K, 99% used [0x000000077ae00000,0x000000077cef0318,0x000000077cf00000)

Card table byte_map: [0x0000000107a06000,0x0000000107e30000] byte_map_base: 0x0000000103e2f000

Polling page: 0x0000000100bd9000

Code Cache  [0x0000000101886000, 0x0000000101e56000, 0x0000000107886000)
 total_blobs=2687 nmethods=2340 adapters=282 free_code_cache=92483Kb largest_free_block=94614208

Compilation events (10 events):
Event: 10.730 Thread 0x00007fc83b80b800 2353       1       clojure.lang.RT::set (5 bytes)
Event: 10.730 Thread 0x00007fc83b80b800 nmethod 2353 0x0000000101db8150 code [0x0000000101db82a0, 0x0000000101db83e8]
Event: 11.111 Thread 0x00007fc83b80b800 2354       1       clojure.core$mapcat::getRequiredArity (2 bytes)
Event: 11.111 Thread 0x00007fc83b80b800 nmethod 2354 0x0000000101db7e50 code [0x0000000101db7fa0, 0x0000000101db80f0]
Event: 11.111 Thread 0x00007fc83b80b800 2355       1       clojure.core$mapcat::doInvoke (47 bytes)
Event: 11.111 Thread 0x00007fc83b80b800 nmethod 2355 0x0000000101db7890 code [0x0000000101db7a20, 0x0000000101db7cd8]
Event: 11.114 Thread 0x00007fc83b80b800 2356       1       java.io.File::isDirectory (43 bytes)
Event: 11.115 Thread 0x00007fc83b80b800 nmethod 2356 0x0000000101db7410 code [0x0000000101db75a0, 0x0000000101db77c8]
Event: 11.139 Thread 0x00007fc83b80b800 2357       1       sun.reflect.ClassFileAssembler::getStack (5 bytes)
Event: 11.139 Thread 0x00007fc83b80b800 nmethod 2357 0x0000000101db7110 code [0x0000000101db7260, 0x0000000101db73b0]

GC Heap History (10 events):
Event: 4.382 GC heap after
Heap after GC invocations=7 (full 0):
 PSYoungGen      total 142848K, used 4601K [0x00000007d5500000, 0x00000007e6b00000, 0x0000000800000000)
  eden space 134656K, 0% used [0x00000007d5500000,0x00000007d5500000,0x00000007dd880000)
  from space 8192K, 56% used [0x00000007dd880000,0x00000007ddcfe650,0x00000007de080000)
  to   space 7680K, 0% used [0x00000007e6380000,0x00000007e6380000,0x00000007e6b00000)
 ParOldGen       total 87040K, used 5279K [0x0000000780000000, 0x0000000785500000, 0x00000007d5500000)
  object space 87040K, 6% used [0x0000000780000000,0x0000000780527c00,0x0000000785500000)
 PSPermGen       total 21504K, used 18644K [0x000000077ae00000, 0x000000077c300000, 0x0000000780000000)
  object space 21504K, 86% used [0x000000077ae00000,0x000000077c035078,0x000000077c300000)
}
Event: 5.249 GC heap before
{Heap before GC invocations=8 (full 0):
 PSYoungGen      total 142848K, used 139257K [0x00000007d5500000, 0x00000007e6b00000, 0x0000000800000000)
  eden space 134656K, 100% used [0x00000007d5500000,0x00000007dd880000,0x00000007dd880000)
  from space 8192K, 56% used [0x00000007dd880000,0x00000007ddcfe650,0x00000007de080000)
  to   space 7680K, 0% used [0x00000007e6380000,0x00000007e6380000,0x00000007e6b00000)
 ParOldGen       total 87040K, used 5279K [0x0000000780000000, 0x0000000785500000, 0x00000007d5500000)
  object space 87040K, 6% used [0x0000000780000000,0x0000000780527c00,0x0000000785500000)
 PSPermGen       total 21504K, used 20653K [0x000000077ae00000, 0x000000077c300000, 0x0000000780000000)
  object space 21504K, 96% used [0x000000077ae00000,0x000000077c22b6e0,0x000000077c300000)
Event: 5.260 GC heap after
Heap after GC invocations=8 (full 0):
 PSYoungGen      total 276992K, used 4136K [0x00000007d5500000, 0x00000007e6b00000, 0x0000000800000000)
  eden space 269312K, 0% used [0x00000007d5500000,0x00000007d5500000,0x00000007e5c00000)
  from space 7680K, 53% used [0x00000007e6380000,0x00000007e678a250,0x00000007e6b00000)
  to   space 7680K, 0% used [0x00000007e5c00000,0x00000007e5c00000,0x00000007e6380000)
 ParOldGen       total 87040K, used 7243K [0x0000000780000000, 0x0000000785500000, 0x00000007d5500000)
  object space 87040K, 8% used [0x0000000780000000,0x0000000780712fc8,0x0000000785500000)
 PSPermGen       total 21504K, used 20653K [0x000000077ae00000, 0x000000077c300000, 0x0000000780000000)
  object space 21504K, 96% used [0x000000077ae00000,0x000000077c22b6e0,0x000000077c300000)
}
Event: 7.245 GC heap before
{Heap before GC invocations=9 (full 0):
 PSYoungGen      total 276992K, used 273448K [0x00000007d5500000, 0x00000007e6b00000, 0x0000000800000000)
  eden space 269312K, 100% used [0x00000007d5500000,0x00000007e5c00000,0x00000007e5c00000)
  from space 7680K, 53% used [0x00000007e6380000,0x00000007e678a250,0x00000007e6b00000)
  to   space 7680K, 0% used [0x00000007e5c00000,0x00000007e5c00000,0x00000007e6380000)
 ParOldGen       total 87040K, used 7243K [0x0000000780000000, 0x0000000785500000, 0x00000007d5500000)
  object space 87040K, 8% used [0x0000000780000000,0x0000000780712fc8,0x0000000785500000)
 PSPermGen       total 27648K, used 27370K [0x000000077ae00000, 0x000000077c900000, 0x0000000780000000)
  object space 27648K, 98% used [0x000000077ae00000,0x000000077c8bab18,0x000000077c900000)
Event: 7.263 GC heap after
Heap after GC invocations=9 (full 0):
 PSYoungGen      total 276992K, used 7657K [0x00000007d5500000, 0x00000007f0c00000, 0x0000000800000000)
  eden space 269312K, 0% used [0x00000007d5500000,0x00000007d5500000,0x00000007e5c00000)
  from space 7680K, 99% used [0x00000007e5c00000,0x00000007e637a538,0x00000007e6380000)
  to   space 9216K, 0% used [0x00000007f0300000,0x00000007f0300000,0x00000007f0c00000)
 ParOldGen       total 87040K, used 9183K [0x0000000780000000, 0x0000000785500000, 0x00000007d5500000)
  object space 87040K, 10% used [0x0000000780000000,0x00000007808f7f90,0x0000000785500000)
 PSPermGen       total 27648K, used 27370K [0x000000077ae00000, 0x000000077c900000, 0x0000000780000000)
  object space 27648K, 98% used [0x000000077ae00000,0x000000077c8bab18,0x000000077c900000)
}
Event: 10.421 GC heap before
{Heap before GC invocations=10 (full 0):
 PSYoungGen      total 276992K, used 276969K [0x00000007d5500000, 0x00000007f0c00000, 0x0000000800000000)
  eden space 269312K, 100% used [0x00000007d5500000,0x00000007e5c00000,0x00000007e5c00000)
  from space 7680K, 99% used [0x00000007e5c00000,0x00000007e637a538,0x00000007e6380000)
  to   space 9216K, 0% used [0x00000007f0300000,0x00000007f0300000,0x00000007f0c00000)
 ParOldGen       total 87040K, used 9183K [0x0000000780000000, 0x0000000785500000, 0x00000007d5500000)
  object space 87040K, 10% used [0x0000000780000000,0x00000007808f7f90,0x0000000785500000)
 PSPermGen       total 33792K, used 33450K [0x000000077ae00000, 0x000000077cf00000, 0x0000000780000000)
  object space 33792K, 98% used [0x000000077ae00000,0x000000077ceaa8f8,0x000000077cf00000)
Event: 10.443 GC heap after
Heap after GC invocations=10 (full 0):
 PSYoungGen      total 439296K, used 8924K [0x00000007d5500000, 0x00000007f0e00000, 0x0000000800000000)
  eden space 430080K, 0% used [0x00000007d5500000,0x00000007d5500000,0x00000007ef900000)
  from space 9216K, 96% used [0x00000007f0300000,0x00000007f0bb73a8,0x00000007f0c00000)
  to   space 10240K, 0% used [0x00000007ef900000,0x00000007ef900000,0x00000007f0300000)
 ParOldGen       total 87040K, used 11473K [0x0000000780000000, 0x0000000785500000, 0x00000007d5500000)
  object space 87040K, 13% used [0x0000000780000000,0x0000000780b34728,0x0000000785500000)
 PSPermGen       total 33792K, used 33450K [0x000000077ae00000, 0x000000077cf00000, 0x0000000780000000)
  object space 33792K, 98% used [0x000000077ae00000,0x000000077ceaa8f8,0x000000077cf00000)
}
Event: 10.916 GC heap before
{Heap before GC invocations=11 (full 0):
 PSYoungGen      total 439296K, used 439004K [0x00000007d5500000, 0x00000007f0e00000, 0x0000000800000000)
  eden space 430080K, 100% used [0x00000007d5500000,0x00000007ef900000,0x00000007ef900000)
  from space 9216K, 96% used [0x00000007f0300000,0x00000007f0bb73a8,0x00000007f0c00000)
  to   space 10240K, 0% used [0x00000007ef900000,0x00000007ef900000,0x00000007f0300000)
 ParOldGen       total 87040K, used 11473K [0x0000000780000000, 0x0000000785500000, 0x00000007d5500000)
  object space 87040K, 13% used [0x0000000780000000,0x0000000780b34728,0x0000000785500000)
 PSPermGen       total 33792K, used 33712K [0x000000077ae00000, 0x000000077cf00000, 0x0000000780000000)
  object space 33792K, 99% used [0x000000077ae00000,0x000000077ceec1a8,0x000000077cf00000)
Event: 10.936 GC heap after
Heap after GC invocations=11 (full 0):
 PSYoungGen      total 440320K, used 5522K [0x00000007d5500000, 0x0000000800000000, 0x0000000800000000)
  eden space 430080K, 0% used [0x00000007d5500000,0x00000007d5500000,0x00000007ef900000)
  from space 10240K, 53% used [0x00000007ef900000,0x00000007efe648c8,0x00000007f0300000)
  to   space 9728K, 0% used [0x00000007ff680000,0x00000007ff680000,0x0000000800000000)
 ParOldGen       total 87040K, used 18759K [0x0000000780000000, 0x0000000785500000, 0x00000007d5500000)
  object space 87040K, 21% used [0x0000000780000000,0x0000000781251d80,0x0000000785500000)
 PSPermGen       total 33792K, used 33712K [0x000000077ae00000, 0x000000077cf00000, 0x0000000780000000)
  object space 33792K, 99% used [0x000000077ae00000,0x000000077ceec1a8,0x000000077cf00000)
}
Event: 11.369 GC heap before
{Heap before GC invocations=12 (full 0):
 PSYoungGen      total 440320K, used 435602K [0x00000007d5500000, 0x0000000800000000, 0x0000000800000000)
  eden space 430080K, 100% used [0x00000007d5500000,0x00000007ef900000,0x00000007ef900000)
  from space 10240K, 53% used [0x00000007ef900000,0x00000007efe648c8,0x00000007f0300000)
  to   space 9728K, 0% used [0x00000007ff680000,0x00000007ff680000,0x0000000800000000)
 ParOldGen       total 87040K, used 18759K [0x0000000780000000, 0x0000000785500000, 0x00000007d5500000)
  object space 87040K, 21% used [0x0000000780000000,0x0000000781251d80,0x0000000785500000)
 PSPermGen       total 33792K, used 33728K [0x000000077ae00000, 0x000000077cf00000, 0x0000000780000000)
  object space 33792K, 99% used [0x000000077ae00000,0x000000077cef0318,0x000000077cf00000)

Deoptimization events (0 events):
No events

Internal exceptions (10 events):
Event: 10.722 Thread 0x00007fc83a924800 Threw 0x00000007e48239c0 at /HUDSON/workspace/7u-2-build-macosx-x86_64/jdk7u51/527/hotspot/src/share/vm/prims/jvm.cpp:1244
Event: 10.723 Thread 0x00007fc83a924800 Threw 0x00000007e482dd38 at /HUDSON/workspace/7u-2-build-macosx-x86_64/jdk7u51/527/hotspot/src/share/vm/prims/jvm.cpp:1244
Event: 10.724 Thread 0x00007fc83a924800 Threw 0x00000007e4839c20 at /HUDSON/workspace/7u-2-build-macosx-x86_64/jdk7u51/527/hotspot/src/share/vm/prims/jvm.cpp:1244
Event: 10.725 Thread 0x00007fc83a924800 Threw 0x00000007e4843b40 at /HUDSON/workspace/7u-2-build-macosx-x86_64/jdk7u51/527/hotspot/src/share/vm/prims/jvm.cpp:1244
Event: 11.072 Thread 0x00007fc83c11a000 Threw 0x00000007de987310 at /HUDSON/workspace/7u-2-build-macosx-x86_64/jdk7u51/527/hotspot/src/share/vm/prims/jni.cpp:717
Event: 11.072 Thread 0x00007fc83c11a000 Threw 0x00000007de9879e8 at /HUDSON/workspace/7u-2-build-macosx-x86_64/jdk7u51/527/hotspot/src/share/vm/runtime/reflection.cpp:1030
Event: 11.104 Thread 0x00007fc83c11a000 Threw 0x00000007e05d61f0 at /HUDSON/workspace/7u-2-build-macosx-x86_64/jdk7u51/527/hotspot/src/share/vm/prims/jvm.cpp:1244
Event: 11.105 Thread 0x00007fc83c11a000 Threw 0x00000007e05df8d8 at /HUDSON/workspace/7u-2-build-macosx-x86_64/jdk7u51/527/hotspot/src/share/vm/prims/jvm.cpp:1244
Event: 11.105 Thread 0x00007fc83c11a000 Threw 0x00000007e05e9280 at /HUDSON/workspace/7u-2-build-macosx-x86_64/jdk7u51/527/hotspot/src/share/vm/prims/jvm.cpp:1244
Event: 11.105 Thread 0x00007fc83c11a000 Threw 0x00000007e05f3268 at /HUDSON/workspace/7u-2-build-macosx-x86_64/jdk7u51/527/hotspot/src/share/vm/prims/jvm.cpp:1244

Events (10 events):
Event: 11.301 Executing VM operation: RevokeBias done
Event: 11.303 Executing VM operation: RevokeBias
Event: 11.303 Executing VM operation: RevokeBias done
Event: 11.304 Executing VM operation: RevokeBias
Event: 11.304 Executing VM operation: RevokeBias done
Event: 11.358 Executing VM operation: RevokeBias
Event: 11.358 Executing VM operation: RevokeBias done
Event: 11.359 Executing VM operation: RevokeBias
Event: 11.359 Executing VM operation: RevokeBias done
Event: 11.369 Executing VM operation: ParallelGCFailedAllocation


Dynamic libraries:
0x00000000085a9000 	/System/Library/Frameworks/Cocoa.framework/Versions/A/Cocoa
0x00000000085a9000 	/System/Library/Frameworks/Security.framework/Versions/A/Security
0x00000000085a9000 	/System/Library/Frameworks/ApplicationServices.framework/Versions/A/ApplicationServices
0x00000000085a9000 	/usr/lib/libz.1.dylib
0x00000000085a9000 	/usr/lib/libSystem.B.dylib
0x00000000085a9000 	/usr/lib/libobjc.A.dylib
0x00000000085a9000 	/System/Library/Frameworks/CoreFoundation.framework/Versions/A/CoreFoundation
0x00000000085a9000 	/System/Library/Frameworks/Foundation.framework/Versions/C/Foundation
0x00000000085a9000 	/System/Library/Frameworks/AppKit.framework/Versions/C/AppKit
0x00000000085a9000 	/System/Library/Frameworks/CoreData.framework/Versions/A/CoreData
0x00000000085a9000 	/System/Library/PrivateFrameworks/RemoteViewServices.framework/Versions/A/RemoteViewServices
0x00000000085a9000 	/System/Library/Frameworks/AudioToolbox.framework/Versions/A/AudioToolbox
0x00000000085a9000 	/System/Library/Frameworks/AudioUnit.framework/Versions/A/AudioUnit
0x00000000085a9000 	/System/Library/PrivateFrameworks/DataDetectorsCore.framework/Versions/A/DataDetectorsCore
0x00000000085a9000 	/System/Library/PrivateFrameworks/DesktopServicesPriv.framework/Versions/A/DesktopServicesPriv
0x00000000085a9000 	/System/Library/Frameworks/Carbon.framework/Versions/A/Frameworks/HIToolbox.framework/Versions/A/HIToolbox
0x00000000085a9000 	/System/Library/Frameworks/QuartzCore.framework/Versions/A/QuartzCore
0x00000000085a9000 	/System/Library/Frameworks/Carbon.framework/Versions/A/Frameworks/SpeechRecognition.framework/Versions/A/SpeechRecognition
0x00000000085a9000 	/usr/lib/libauto.dylib
0x00000000085a9000 	/usr/lib/libicucore.A.dylib
0x00000000085a9000 	/usr/lib/libxml2.2.dylib
0x00000000085a9000 	/System/Library/PrivateFrameworks/CoreUI.framework/Versions/A/CoreUI
0x00000000085a9000 	/System/Library/Frameworks/CoreAudio.framework/Versions/A/CoreAudio
0x00000000085a9000 	/System/Library/Frameworks/DiskArbitration.framework/Versions/A/DiskArbitration
0x00000000085a9000 	/usr/lib/liblangid.dylib
0x00000000085a9000 	/System/Library/PrivateFrameworks/MultitouchSupport.framework/Versions/A/MultitouchSupport
0x00000000085a9000 	/System/Library/Frameworks/IOKit.framework/Versions/A/IOKit
0x00000000085a9000 	/usr/lib/libDiagnosticMessagesClient.dylib
0x00000000085a9000 	/System/Library/Frameworks/CoreServices.framework/Versions/A/CoreServices
0x00000000085a9000 	/System/Library/PrivateFrameworks/PerformanceAnalysis.framework/Versions/A/PerformanceAnalysis
0x00000000085a9000 	/System/Library/PrivateFrameworks/GenerationalStorage.framework/Versions/A/GenerationalStorage
0x00000000085a9000 	/System/Library/Frameworks/OpenGL.framework/Versions/A/OpenGL
0x00000000085a9000 	/System/Library/Frameworks/CoreServices.framework/Versions/A/Frameworks/CFNetwork.framework/Versions/A/CFNetwork
0x00000000085a9000 	/System/Library/Frameworks/SystemConfiguration.framework/Versions/A/SystemConfiguration
0x00000000085a9000 	/usr/lib/libCRFSuite.dylib
0x00000000085a9000 	/usr/lib/libc++.1.dylib
0x00000000085a9000 	/usr/lib/libstdc++.6.dylib
0x00000000085a9000 	/usr/lib/libc++abi.dylib
0x00000000085a9000 	/usr/lib/system/libcache.dylib
0x00000000085a9000 	/usr/lib/system/libcommonCrypto.dylib
0x00000000085a9000 	/usr/lib/system/libcompiler_rt.dylib
0x00000000085a9000 	/usr/lib/system/libcopyfile.dylib
0x00000000085a9000 	/usr/lib/system/libdispatch.dylib
0x00000000085a9000 	/usr/lib/system/libdnsinfo.dylib
0x00000000085a9000 	/usr/lib/system/libdyld.dylib
0x00000000085a9000 	/usr/lib/system/libkeymgr.dylib
0x00000000085a9000 	/usr/lib/system/liblaunch.dylib
0x00000000085a9000 	/usr/lib/system/libmacho.dylib
0x00000000085a9000 	/usr/lib/system/libmathCommon.A.dylib
0x00000000085a9000 	/usr/lib/system/libquarantine.dylib
0x00000000085a9000 	/usr/lib/system/libremovefile.dylib
0x00000000085a9000 	/usr/lib/system/libsystem_blocks.dylib
0x00000000085a9000 	/usr/lib/system/libsystem_c.dylib
0x00000000085a9000 	/usr/lib/system/libsystem_dnssd.dylib
0x00000000085a9000 	/usr/lib/system/libsystem_info.dylib
0x00000000085a9000 	/usr/lib/system/libsystem_kernel.dylib
0x00000000085a9000 	/usr/lib/system/libsystem_network.dylib
0x00000000085a9000 	/usr/lib/system/libsystem_notify.dylib
0x00000000085a9000 	/usr/lib/system/libsystem_sandbox.dylib
0x00000000085a9000 	/usr/lib/system/libunc.dylib
0x00000000085a9000 	/usr/lib/system/libunwind.dylib
0x00000000085a9000 	/usr/lib/system/libxpc.dylib
0x00000000085a9000 	/usr/lib/libbsm.0.dylib
0x00000000085a9000 	/usr/lib/libsqlite3.dylib
0x00000000085a9000 	/usr/lib/libOpenScriptingUtil.dylib
0x00000000085a9000 	/usr/lib/libpam.2.dylib
0x00000000085a9000 	/usr/lib/libxar-nossl.dylib
0x00000000085a9000 	/usr/lib/libbz2.1.0.dylib
0x00000000085a9000 	/System/Library/Frameworks/CoreServices.framework/Versions/A/Frameworks/CarbonCore.framework/Versions/A/CarbonCore
0x00000000085a9000 	/System/Library/Frameworks/CoreServices.framework/Versions/A/Frameworks/Metadata.framework/Versions/A/Metadata
0x00000000085a9000 	/System/Library/Frameworks/CoreServices.framework/Versions/A/Frameworks/OSServices.framework/Versions/A/OSServices
0x00000000085a9000 	/System/Library/Frameworks/CoreServices.framework/Versions/A/Frameworks/SearchKit.framework/Versions/A/SearchKit
0x00000000085a9000 	/System/Library/Frameworks/CoreServices.framework/Versions/A/Frameworks/AE.framework/Versions/A/AE
0x00000000085a9000 	/System/Library/Frameworks/CoreServices.framework/Versions/A/Frameworks/LaunchServices.framework/Versions/A/LaunchServices
0x00000000085a9000 	/System/Library/Frameworks/CoreServices.framework/Versions/A/Frameworks/DictionaryServices.framework/Versions/A/DictionaryServices
0x00000000085a9000 	/System/Library/Frameworks/NetFS.framework/Versions/A/NetFS
0x00000000085a9000 	/usr/lib/system/libkxld.dylib
0x00000000085a9000 	/System/Library/PrivateFrameworks/NetAuth.framework/Versions/A/NetAuth
0x00000000085a9000 	/usr/lib/libcrypto.0.9.8.dylib
0x00000000085a9000 	/System/Library/PrivateFrameworks/TrustEvaluationAgent.framework/Versions/A/TrustEvaluationAgent
0x00000000085a9000 	/System/Library/Frameworks/OpenDirectory.framework/Versions/A/Frameworks/CFOpenDirectory.framework/Versions/A/CFOpenDirectory
0x00000000085a9000 	/usr/lib/libxslt.1.dylib
0x00000000085a9000 	/System/Library/PrivateFrameworks/FamilyControls.framework/Versions/A/FamilyControls
0x00000000085a9000 	/System/Library/Frameworks/Carbon.framework/Versions/A/Frameworks/Ink.framework/Versions/A/Ink
0x00000000085a9000 	/System/Library/Frameworks/ApplicationServices.framework/Versions/A/Frameworks/CoreGraphics.framework/Versions/A/CoreGraphics
0x00000000085a9000 	/System/Library/Frameworks/ApplicationServices.framework/Versions/A/Frameworks/ImageIO.framework/Versions/A/ImageIO
0x00000000085a9000 	/System/Library/Frameworks/ApplicationServices.framework/Versions/A/Frameworks/CoreText.framework/Versions/A/CoreText
0x00000000085a9000 	/System/Library/Frameworks/ApplicationServices.framework/Versions/A/Frameworks/ATS.framework/Versions/A/ATS
0x00000000085a9000 	/System/Library/Frameworks/ApplicationServices.framework/Versions/A/Frameworks/ColorSync.framework/Versions/A/ColorSync
0x00000000085a9000 	/System/Library/Frameworks/ApplicationServices.framework/Versions/A/Frameworks/HIServices.framework/Versions/A/HIServices
0x00000000085a9000 	/System/Library/Frameworks/ApplicationServices.framework/Versions/A/Frameworks/LangAnalysis.framework/Versions/A/LangAnalysis
0x00000000085a9000 	/System/Library/Frameworks/ApplicationServices.framework/Versions/A/Frameworks/PrintCore.framework/Versions/A/PrintCore
0x00000000085a9000 	/System/Library/Frameworks/ApplicationServices.framework/Versions/A/Frameworks/QD.framework/Versions/A/QD
0x00000000085a9000 	/System/Library/Frameworks/ApplicationServices.framework/Versions/A/Frameworks/SpeechSynthesis.framework/Versions/A/SpeechSynthesis
0x00000000085a9000 	/System/Library/Frameworks/IOSurface.framework/Versions/A/IOSurface
0x00000000085a9000 	/System/Library/Frameworks/Accelerate.framework/Versions/A/Accelerate
0x00000000085a9000 	/System/Library/Frameworks/ApplicationServices.framework/Versions/A/Frameworks/ImageIO.framework/Versions/A/Resources/libJPEG.dylib
0x00000000085a9000 	/System/Library/Frameworks/ApplicationServices.framework/Versions/A/Frameworks/ImageIO.framework/Versions/A/Resources/libTIFF.dylib
0x00000000085a9000 	/System/Library/Frameworks/ApplicationServices.framework/Versions/A/Frameworks/ImageIO.framework/Versions/A/Resources/libPng.dylib
0x00000000085a9000 	/System/Library/Frameworks/ApplicationServices.framework/Versions/A/Frameworks/ImageIO.framework/Versions/A/Resources/libGIF.dylib
0x00000000085a9000 	/System/Library/Frameworks/ApplicationServices.framework/Versions/A/Frameworks/ImageIO.framework/Versions/A/Resources/libJP2.dylib
0x00000000085a9000 	/System/Library/Frameworks/ApplicationServices.framework/Versions/A/Frameworks/ImageIO.framework/Versions/A/Resources/libRadiance.dylib
0x00000000085a9000 	/System/Library/Frameworks/Accelerate.framework/Versions/A/Frameworks/vImage.framework/Versions/A/vImage
0x00000000085a9000 	/System/Library/Frameworks/Accelerate.framework/Versions/A/Frameworks/vecLib.framework/Versions/A/vecLib
0x00000000085a9000 	/System/Library/Frameworks/Accelerate.framework/Versions/A/Frameworks/vecLib.framework/Versions/A/libvDSP.dylib
0x00000000085a9000 	/System/Library/Frameworks/Accelerate.framework/Versions/A/Frameworks/vecLib.framework/Versions/A/libvMisc.dylib
0x00000000085a9000 	/System/Library/Frameworks/Accelerate.framework/Versions/A/Frameworks/vecLib.framework/Versions/A/libLAPACK.dylib
0x00000000085a9000 	/System/Library/Frameworks/Accelerate.framework/Versions/A/Frameworks/vecLib.framework/Versions/A/libBLAS.dylib
0x00000000085a9000 	/System/Library/Frameworks/ApplicationServices.framework/Versions/A/Frameworks/ATS.framework/Versions/A/Resources/libFontParser.dylib
0x00000000085a9000 	/System/Library/Frameworks/ApplicationServices.framework/Versions/A/Frameworks/ATS.framework/Versions/A/Resources/libFontRegistry.dylib
0x00000000085a9000 	/usr/lib/libcups.2.dylib
0x00000000085a9000 	/System/Library/Frameworks/Kerberos.framework/Versions/A/Kerberos
0x00000000085a9000 	/System/Library/Frameworks/GSS.framework/Versions/A/GSS
0x00000000085a9000 	/usr/lib/libresolv.9.dylib
0x00000000085a9000 	/usr/lib/libiconv.2.dylib
0x00000000085a9000 	/System/Library/PrivateFrameworks/Heimdal.framework/Versions/A/Heimdal
0x00000000085a9000 	/System/Library/Frameworks/OpenDirectory.framework/Versions/A/OpenDirectory
0x00000000085a9000 	/System/Library/PrivateFrameworks/CommonAuth.framework/Versions/A/CommonAuth
0x00000000085a9000 	/System/Library/Frameworks/CoreVideo.framework/Versions/A/CoreVideo
0x00000000085a9000 	/System/Library/Frameworks/QuartzCore.framework/Versions/A/Frameworks/CoreImage.framework/Versions/A/CoreImage
0x00000000085a9000 	/System/Library/Frameworks/QuartzCore.framework/Versions/A/Frameworks/ScalableUserInterface.framework/Versions/A/ScalableUserInterface
0x00000000085a9000 	/System/Library/Frameworks/OpenGL.framework/Versions/A/Libraries/libGLU.dylib
0x00000000085a9000 	/System/Library/Frameworks/OpenGL.framework/Versions/A/Libraries/libGFXShared.dylib
0x00000000085a9000 	/System/Library/Frameworks/OpenGL.framework/Versions/A/Libraries/libGL.dylib
0x00000000085a9000 	/System/Library/Frameworks/OpenGL.framework/Versions/A/Libraries/libGLImage.dylib
0x00000000085a9000 	/System/Library/Frameworks/OpenGL.framework/Versions/A/Libraries/libCVMSPluginSupport.dylib
0x00000000085a9000 	/System/Library/Frameworks/OpenGL.framework/Versions/A/Libraries/libCoreVMClient.dylib
0x00000000085a9000 	/System/Library/Frameworks/OpenCL.framework/Versions/A/OpenCL
0x00000000085a9000 	/System/Library/PrivateFrameworks/FaceCoreLight.framework/Versions/A/FaceCoreLight
0x00000000085a9000 	/System/Library/Frameworks/vecLib.framework/Versions/A/vecLib
0x00000000085a9000 	/System/Library/Frameworks/SecurityFoundation.framework/Versions/A/SecurityFoundation
0x00000000085a9000 	/System/Library/PrivateFrameworks/CommerceKit.framework/Versions/A/Frameworks/CommerceCore.framework/Versions/A/CommerceCore
0x00000000085a9000 	/System/Library/PrivateFrameworks/CoreSymbolication.framework/Versions/A/CoreSymbolication
0x00000000085a9000 	/System/Library/PrivateFrameworks/Symbolication.framework/Versions/A/Symbolication
0x00000000085a9000 	/System/Library/PrivateFrameworks/DebugSymbols.framework/Versions/A/DebugSymbols
0x0000000100d00000 	/Library/Java/JavaVirtualMachines/jdk1.7.0_51.jdk/Contents/Home/jre/lib/server/libjvm.dylib
0x0000000100bcc000 	/Library/Java/JavaVirtualMachines/jdk1.7.0_51.jdk/Contents/Home/jre/lib/libverify.dylib
0x0000000101856000 	/Library/Java/JavaVirtualMachines/jdk1.7.0_51.jdk/Contents/Home/jre/lib/libjava.dylib
0x0000000100be3000 	/Library/Java/JavaVirtualMachines/jdk1.7.0_51.jdk/Contents/Home/jre/lib/libzip.dylib
0x000000010e1b2000 	/System/Library/Frameworks/JavaVM.framework/Frameworks/JavaRuntimeSupport.framework/JavaRuntimeSupport
0x000000010e1ca000 	/System/Library/Frameworks/JavaVM.framework/Versions/A/Frameworks/JavaNativeFoundation.framework/Versions/A/JavaNativeFoundation
0x0000000100bed000 	/System/Library/Frameworks/JavaVM.framework/Versions/A/JavaVM
0x00000000085a9000 	/System/Library/Frameworks/Carbon.framework/Versions/A/Carbon
0x000000010e1df000 	/System/Library/PrivateFrameworks/JavaLaunching.framework/Versions/A/JavaLaunching
0x00000000085a9000 	/System/Library/Frameworks/Carbon.framework/Versions/A/Frameworks/CommonPanels.framework/Versions/A/CommonPanels
0x00000000085a9000 	/System/Library/Frameworks/Carbon.framework/Versions/A/Frameworks/Help.framework/Versions/A/Help
0x00000000085a9000 	/System/Library/Frameworks/Carbon.framework/Versions/A/Frameworks/ImageCapture.framework/Versions/A/ImageCapture
0x00000000085a9000 	/System/Library/Frameworks/Carbon.framework/Versions/A/Frameworks/OpenScripting.framework/Versions/A/OpenScripting
0x00000000085a9000 	/System/Library/Frameworks/Carbon.framework/Versions/A/Frameworks/Print.framework/Versions/A/Print
0x00000000085a9000 	/System/Library/Frameworks/Carbon.framework/Versions/A/Frameworks/SecurityHI.framework/Versions/A/SecurityHI
0x000000010ec4c000 	/Library/Java/JavaVirtualMachines/jdk1.7.0_51.jdk/Contents/Home/jre/lib/libnio.dylib
0x000000010ec5b000 	/Library/Java/JavaVirtualMachines/jdk1.7.0_51.jdk/Contents/Home/jre/lib/./libnet.dylib
0x000000010f0ec000 	/Library/Java/JavaVirtualMachines/jdk1.7.0_51.jdk/Contents/Home/jre/lib/libsunec.dylib

VM Arguments:
jvm_args: -XX:+TieredCompilation -XX:TieredStopAtLevel=1 -Dclojure.compile.path=/Users/tangrammer/git/heroku-clojure-rest/target/classes -Dheroku-clojure-rest.version=0.1.0-SNAPSHOT -Dfile.encoding=UTF-8 -Dclojure.debug=false 
java_command: clojure.main -i /private/var/folders/pn/jvq07cv15n5d99l_yzrgw2mm0000gn/T/form-init1849726365116721630.clj
Launcher Type: SUN_STANDARD

Environment Variables:
CLASSPATH=:/Users/tangrammer/.lein/self-installs/leiningen-2.3.4-standalone.jar
PATH=/usr/bin:/bin:/usr/sbin:/sbin:/usr/local/bin:/usr/X11/bin
SHELL=/bin/bash
DISPLAY=/tmp/launch-2vcj8r/org.x:0

Signal Handlers:
SIGSEGV: [libjvm.dylib+0x525425], sa_mask[0]=0xfffefeff, sa_flags=0x00000043
SIGBUS: [libjvm.dylib+0x525425], sa_mask[0]=0xfffefeff, sa_flags=0x00000042
SIGFPE: [libjvm.dylib+0x41892a], sa_mask[0]=0xfffefeff, sa_flags=0x00000042
SIGPIPE: [libjvm.dylib+0x41892a], sa_mask[0]=0xfffefeff, sa_flags=0x00000042
SIGXFSZ: [libjvm.dylib+0x41892a], sa_mask[0]=0xfffefeff, sa_flags=0x00000042
SIGILL: [libjvm.dylib+0x41892a], sa_mask[0]=0xfffefeff, sa_flags=0x00000042
SIGUSR1: SIG_DFL, sa_mask[0]=0x63807efb, sa_flags=0x00000000
SIGUSR2: [libjvm.dylib+0x41841c], sa_mask[0]=0x00000004, sa_flags=0x00000042
SIGHUP: [libjvm.dylib+0x4166ab], sa_mask[0]=0xfffefeff, sa_flags=0x00000042
SIGINT: [libjvm.dylib+0x4166ab], sa_mask[0]=0xfffefeff, sa_flags=0x00000042
SIGTERM: [libjvm.dylib+0x4166ab], sa_mask[0]=0xfffefeff, sa_flags=0x00000042
SIGQUIT: [libjvm.dylib+0x4166ab], sa_mask[0]=0xfffefeff, sa_flags=0x00000042


---------------  S Y S T E M  ---------------

OS:Bsduname:Darwin 11.4.2 Darwin Kernel Version 11.4.2: Thu Aug 23 16:25:48 PDT 2012; root:xnu-1699.32.7~1/RELEASE_X86_64 x86_64
rlimit: STACK 8515k, CORE 0k, NPROC 709, NOFILE 10240, AS infinity
load average:2.17 1.86 1.53

CPU:total 4 (2 cores per cpu, 2 threads per core) family 6 model 42 stepping 7, cmov, cx8, fxsr, mmx, sse, sse2, sse3, ssse3, sse4.1, sse4.2, popcnt, avx, aes, ht, tsc, tscinvbit

Memory: 4k page, physical 8388608k(2097152k free)

/proc/meminfo:


vm_info: Java HotSpot(TM) 64-Bit Server VM (24.51-b03) for bsd-amd64 JRE (1.7.0_51-b13), built on Dec 18 2013 18:45:56 by "java_re" with gcc 4.2.1 (Based on Apple Inc. build 5658) (LLVM build 2336.11.00)

time: Mon Feb  3 19:15:26 2014
elapsed time: 11 seconds

